<?xml version="1.0" encoding="UTF-8"?>
<!-- Generated by org.testng.reporters.JUnitReportReporter -->
<testsuite hostname="IL-1270" name="com.deere.testCases.ISGTestCases" tests="1" failures="1" timestamp="17 Aug 2018 13:05:42 GMT" time="135.608" errors="0">
  <testcase name="test_TC6806_LinkSolutionsToCaseWithDifferentLanguage" time="135.608" classname="com.deere.testCases.ISGTestCases">
    <failure type="java.lang.RuntimeException" message="Expected condition failed: waiting for visibility of [[ChromeDriver: chrome on XP (a44e0a4ef72853faf330eb3d0eb3c4eb)] -&gt; xpath: (//*[@data-test-id=&#039;201512210438090148308293&#039;])[2]] (tried for 30 second(s) with 500 MILLISECONDS interval)
Build info: version: &#039;3.5.3&#039;, revision: &#039;a88d25fe6b&#039;, time: &#039;2017-08-29T12:42:44.417Z&#039;
System info: host: &#039;IL-1270&#039;, ip: &#039;172.18.2.112&#039;, os.name: &#039;Windows 10&#039;, os.arch: &#039;x86&#039;, os.version: &#039;10.0&#039;, java.version: &#039;1.8.0_172&#039;
Driver info: org.openqa.selenium.chrome.ChromeDriver
Capabilities [{mobileEmulationEnabled=false, hasTouchScreen=false, platform=XP, acceptSslCerts=false, acceptInsecureCerts=false, webStorageEnabled=true, browserName=chrome, takesScreenshot=true, javascriptEnabled=true, platformName=XP, setWindowRect=true, unexpectedAlertBehaviour=, applicationCacheEnabled=false, rotatable=false, networkConnectionEnabled=false, chrome={chromedriverVersion=2.38.552522 (437e6fbedfa8762dec75e2c5b3ddb86763dc9dcb), userDataDir=C:\Users\APARAJ~1\AppData\Local\Temp\scoped_dir22276_23932}, takesHeapSnapshot=true, pageLoadStrategy=normal, unhandledPromptBehavior=, databaseEnabled=false, handlesAlerts=true, version=68.0.3440.106, browserConnectionEnabled=false, nativeEvents=true, locationContextEnabled=true, cssSelectorsEnabled=true}]
Session ID: a44e0a4ef72853faf330eb3d0eb3c4eb">
      <![CDATA[java.lang.RuntimeException: Expected condition failed: waiting for visibility of [[ChromeDriver: chrome on XP (a44e0a4ef72853faf330eb3d0eb3c4eb)] -> xpath: (//*[@data-test-id='201512210438090148308293'])[2]] (tried for 30 second(s) with 500 MILLISECONDS interval)
Build info: version: '3.5.3', revision: 'a88d25fe6b', time: '2017-08-29T12:42:44.417Z'
System info: host: 'IL-1270', ip: '172.18.2.112', os.name: 'Windows 10', os.arch: 'x86', os.version: '10.0', java.version: '1.8.0_172'
Driver info: org.openqa.selenium.chrome.ChromeDriver
Capabilities [{mobileEmulationEnabled=false, hasTouchScreen=false, platform=XP, acceptSslCerts=false, acceptInsecureCerts=false, webStorageEnabled=true, browserName=chrome, takesScreenshot=true, javascriptEnabled=true, platformName=XP, setWindowRect=true, unexpectedAlertBehaviour=, applicationCacheEnabled=false, rotatable=false, networkConnectionEnabled=false, chrome={chromedriverVersion=2.38.552522 (437e6fbedfa8762dec75e2c5b3ddb86763dc9dcb), userDataDir=C:\Users\APARAJ~1\AppData\Local\Temp\scoped_dir22276_23932}, takesHeapSnapshot=true, pageLoadStrategy=normal, unhandledPromptBehavior=, databaseEnabled=false, handlesAlerts=true, version=68.0.3440.106, browserConnectionEnabled=false, nativeEvents=true, locationContextEnabled=true, cssSelectorsEnabled=true}]
Session ID: a44e0a4ef72853faf330eb3d0eb3c4eb
	at com.deere.global.CommonFunctions.waitForElement(CommonFunctions.java:464)
	at com.deere.pages.isgcasecreation.ISGCasePage.clickAddProductInfo(ISGCasePage.java:1191)
	at com.deere.global.FunctionalMethods.isgEnterCaseCreationDetails(FunctionalMethods.java:1591)
	at com.deere.testCases.ISGTestCases.test_TC6806_LinkSolutionsToCaseWithDifferentLanguage(ISGTestCases.java:782)
	at sun.reflect.NativeMethodAccessorImpl.invoke0(Native Method)
	at sun.reflect.NativeMethodAccessorImpl.invoke(Unknown Source)
	at sun.reflect.DelegatingMethodAccessorImpl.invoke(Unknown Source)
	at java.lang.reflect.Method.invoke(Unknown Source)
	at org.testng.internal.MethodInvocationHelper.invokeMethod(MethodInvocationHelper.java:84)
	at org.testng.internal.Invoker.invokeMethod(Invoker.java:714)
	at org.testng.internal.Invoker.invokeTestMethod(Invoker.java:901)
	at org.testng.internal.Invoker.invokeTestMethods(Invoker.java:1231)
	at org.testng.internal.TestMethodWorker.invokeTestMethods(TestMethodWorker.java:127)
	at org.testng.internal.TestMethodWorker.run(TestMethodWorker.java:111)
	at java.util.concurrent.ThreadPoolExecutor.runWorker(Unknown Source)
	at java.util.concurrent.ThreadPoolExecutor$Worker.run(Unknown Source)
	at java.lang.Thread.run(Unknown Source)
]]>
    </failure>
  </testcase> <!-- test_TC6806_LinkSolutionsToCaseWithDifferentLanguage -->
</testsuite> <!-- com.deere.testCases.ISGTestCases -->
